{"/Users/huangminyi/Desktop/POPICORN/Charles/webpack/vue-typescript-template/src/utils/dataStructure/binary-search-tree.ts": {"path":"/Users/huangminyi/Desktop/POPICORN/Charles/webpack/vue-typescript-template/src/utils/dataStructure/binary-search-tree.ts","statementMap":{"0":{"start":{"line":7,"column":21},"end":{"line":7,"column":null}},"1":{"start":{"line":14,"column":2},"end":{"line":14,"column":null}},"2":{"start":{"line":14,"column":12},"end":{"line":14,"column":null}},"3":{"start":{"line":15,"column":2},"end":{"line":15,"column":9}},"4":{"start":{"line":16,"column":2},"end":{"line":16,"column":19}},"5":{"start":{"line":17,"column":2},"end":{"line":17,"column":19}},"6":{"start":{"line":25,"column":2},"end":{"line":25,"column":null}},"7":{"start":{"line":25,"column":12},"end":{"line":25,"column":null}},"8":{"start":{"line":26,"column":2},"end":{"line":26,"column":18}},"9":{"start":{"line":27,"column":2},"end":{"line":27,"column":5}},"10":{"start":{"line":28,"column":2},"end":{"line":28,"column":18}},"11":{"start":{"line":36,"column":2},"end":{"line":36,"column":null}},"12":{"start":{"line":36,"column":12},"end":{"line":36,"column":null}},"13":{"start":{"line":37,"column":2},"end":{"line":37,"column":20}},"14":{"start":{"line":38,"column":2},"end":{"line":38,"column":20}},"15":{"start":{"line":39,"column":2},"end":{"line":39,"column":9}},"16":{"start":{"line":48,"column":2},"end":{"line":48,"column":18}},"17":{"start":{"line":49,"column":2},"end":{"line":49,"column":9}},"18":{"start":{"line":52,"column":21},"end":{"line":52,"column":null}},"19":{"start":{"line":89,"column":0},"end":{"line":89,"column":7}}},"fnMap":{"0":{"name":"preOrderTranverse","decl":{"start":{"line":13,"column":17},"end":{"line":13,"column":35}},"loc":{"start":{"line":13,"column":53},"end":{"line":18,"column":null}}},"1":{"name":"inOrderTranverse","decl":{"start":{"line":24,"column":9},"end":{"line":24,"column":26}},"loc":{"start":{"line":24,"column":44},"end":{"line":29,"column":null}}},"2":{"name":"postOrderTranverse","decl":{"start":{"line":35,"column":16},"end":{"line":35,"column":35}},"loc":{"start":{"line":35,"column":53},"end":{"line":40,"column":null}}},"3":{"name":"getKthValue","decl":{"start":{"line":47,"column":17},"end":{"line":47,"column":29}},"loc":{"start":{"line":47,"column":51},"end":{"line":50,"column":null}}}},"branchMap":{"0":{"loc":{"start":{"line":14,"column":2},"end":{"line":14,"column":null}},"type":"if","locations":[{"start":{"line":14,"column":2},"end":{"line":14,"column":null}},{"start":{"line":14,"column":2},"end":{"line":14,"column":null}}]},"1":{"loc":{"start":{"line":25,"column":2},"end":{"line":25,"column":null}},"type":"if","locations":[{"start":{"line":25,"column":2},"end":{"line":25,"column":null}},{"start":{"line":25,"column":2},"end":{"line":25,"column":null}}]},"2":{"loc":{"start":{"line":36,"column":2},"end":{"line":36,"column":null}},"type":"if","locations":[{"start":{"line":36,"column":2},"end":{"line":36,"column":null}},{"start":{"line":36,"column":2},"end":{"line":36,"column":null}}]},"3":{"loc":{"start":{"line":49,"column":9},"end":{"line":49,"column":13}},"type":"binary-expr","locations":[{"start":{"line":49,"column":9},"end":{"line":49,"column":13}},{"start":{"line":49,"column":21},"end":{"line":49,"column":null}}]}},"s":{"0":1,"1":0,"2":0,"3":0,"4":0,"5":0,"6":60,"7":32,"8":28,"9":28,"10":28,"11":0,"12":0,"13":0,"14":0,"15":0,"16":4,"17":4,"18":1,"19":1},"f":{"0":0,"1":60,"2":0,"3":4},"b":{"0":[0,0],"1":[32,28],"2":[0,0],"3":[4,2]}}
,"/Users/huangminyi/Desktop/POPICORN/Charles/webpack/vue-typescript-template/src/utils/dataStructure/binary-search.ts": {"path":"/Users/huangminyi/Desktop/POPICORN/Charles/webpack/vue-typescript-template/src/utils/dataStructure/binary-search.ts","statementMap":{"0":{"start":{"line":11,"column":17},"end":{"line":11,"column":null}},"1":{"start":{"line":12,"column":2},"end":{"line":12,"column":21}},"2":{"start":{"line":12,"column":14},"end":{"line":12,"column":21}},"3":{"start":{"line":13,"column":19},"end":{"line":13,"column":21}},"4":{"start":{"line":14,"column":17},"end":{"line":14,"column":26}},"5":{"start":{"line":15,"column":2},"end":{"line":27,"column":null}},"6":{"start":{"line":16,"column":21},"end":{"line":16,"column":25}},"7":{"start":{"line":17,"column":21},"end":{"line":17,"column":25}},"8":{"start":{"line":18,"column":4},"end":{"line":26,"column":null}},"9":{"start":{"line":20,"column":6},"end":{"line":20,"column":14}},"10":{"start":{"line":21,"column":11},"end":{"line":26,"column":null}},"11":{"start":{"line":23,"column":6},"end":{"line":23,"column":16}},"12":{"start":{"line":25,"column":6},"end":{"line":25,"column":13}},"13":{"start":{"line":28,"column":2},"end":{"line":28,"column":9}},"14":{"start":{"line":39,"column":17},"end":{"line":39,"column":null}},"15":{"start":{"line":40,"column":2},"end":{"line":40,"column":21}},"16":{"start":{"line":40,"column":14},"end":{"line":40,"column":21}},"17":{"start":{"line":41,"column":2},"end":{"line":41,"column":28}},"18":{"start":{"line":41,"column":18},"end":{"line":41,"column":28}},"19":{"start":{"line":42,"column":2},"end":{"line":42,"column":24}},"20":{"start":{"line":42,"column":16},"end":{"line":42,"column":24}},"21":{"start":{"line":43,"column":2},"end":{"line":43,"column":33}},"22":{"start":{"line":43,"column":26},"end":{"line":43,"column":33}},"23":{"start":{"line":44,"column":19},"end":{"line":44,"column":23}},"24":{"start":{"line":45,"column":19},"end":{"line":45,"column":23}},"25":{"start":{"line":46,"column":2},"end":{"line":52,"column":null}},"26":{"start":{"line":47,"column":4},"end":{"line":47,"column":11}},"27":{"start":{"line":48,"column":9},"end":{"line":52,"column":null}},"28":{"start":{"line":49,"column":4},"end":{"line":49,"column":11}},"29":{"start":{"line":51,"column":4},"end":{"line":51,"column":11}},"30":{"start":{"line":53,"column":2},"end":{"line":53,"column":9}}},"fnMap":{"0":{"name":"binarySearch1","decl":{"start":{"line":10,"column":16},"end":{"line":10,"column":30}},"loc":{"start":{"line":10,"column":56},"end":{"line":29,"column":null}}},"1":{"name":"binarySearch2","decl":{"start":{"line":38,"column":16},"end":{"line":38,"column":30}},"loc":{"start":{"line":38,"column":92},"end":{"line":54,"column":null}}}},"branchMap":{"0":{"loc":{"start":{"line":12,"column":2},"end":{"line":12,"column":21}},"type":"if","locations":[{"start":{"line":12,"column":2},"end":{"line":12,"column":21}},{"start":{"line":12,"column":2},"end":{"line":12,"column":21}}]},"1":{"loc":{"start":{"line":18,"column":4},"end":{"line":26,"column":null}},"type":"if","locations":[{"start":{"line":18,"column":4},"end":{"line":26,"column":null}},{"start":{"line":18,"column":4},"end":{"line":26,"column":null}}]},"2":{"loc":{"start":{"line":21,"column":11},"end":{"line":26,"column":null}},"type":"if","locations":[{"start":{"line":21,"column":11},"end":{"line":26,"column":null}},{"start":{"line":21,"column":11},"end":{"line":26,"column":null}}]},"3":{"loc":{"start":{"line":40,"column":2},"end":{"line":40,"column":21}},"type":"if","locations":[{"start":{"line":40,"column":2},"end":{"line":40,"column":21}},{"start":{"line":40,"column":2},"end":{"line":40,"column":21}}]},"4":{"loc":{"start":{"line":41,"column":2},"end":{"line":41,"column":28}},"type":"if","locations":[{"start":{"line":41,"column":2},"end":{"line":41,"column":28}},{"start":{"line":41,"column":2},"end":{"line":41,"column":28}}]},"5":{"loc":{"start":{"line":42,"column":2},"end":{"line":42,"column":24}},"type":"if","locations":[{"start":{"line":42,"column":2},"end":{"line":42,"column":24}},{"start":{"line":42,"column":2},"end":{"line":42,"column":24}}]},"6":{"loc":{"start":{"line":43,"column":2},"end":{"line":43,"column":33}},"type":"if","locations":[{"start":{"line":43,"column":2},"end":{"line":43,"column":33}},{"start":{"line":43,"column":2},"end":{"line":43,"column":33}}]},"7":{"loc":{"start":{"line":46,"column":2},"end":{"line":52,"column":null}},"type":"if","locations":[{"start":{"line":46,"column":2},"end":{"line":52,"column":null}},{"start":{"line":46,"column":2},"end":{"line":52,"column":null}}]},"8":{"loc":{"start":{"line":48,"column":9},"end":{"line":52,"column":null}},"type":"if","locations":[{"start":{"line":48,"column":9},"end":{"line":52,"column":null}},{"start":{"line":48,"column":9},"end":{"line":52,"column":null}}]}},"s":{"0":3,"1":3,"2":1,"3":2,"4":2,"5":2,"6":4,"7":4,"8":4,"9":2,"10":2,"11":1,"12":1,"13":1,"14":0,"15":0,"16":0,"17":0,"18":0,"19":0,"20":0,"21":0,"22":0,"23":0,"24":0,"25":0,"26":0,"27":0,"28":0,"29":0,"30":0},"f":{"0":3,"1":0},"b":{"0":[1,2],"1":[2,2],"2":[1,1],"3":[0,0],"4":[0,0],"5":[0,0],"6":[0,0],"7":[0,0],"8":[0,0]}}
,"/Users/huangminyi/Desktop/POPICORN/Charles/webpack/vue-typescript-template/src/utils/dataStructure/isMatch.ts": {"path":"/Users/huangminyi/Desktop/POPICORN/Charles/webpack/vue-typescript-template/src/utils/dataStructure/isMatch.ts","statementMap":{"0":{"start":{"line":2,"column":2},"end":{"line":2,"column":37}},"1":{"start":{"line":2,"column":30},"end":{"line":2,"column":37}},"2":{"start":{"line":3,"column":2},"end":{"line":3,"column":37}},"3":{"start":{"line":3,"column":30},"end":{"line":3,"column":37}},"4":{"start":{"line":4,"column":2},"end":{"line":4,"column":37}},"5":{"start":{"line":4,"column":30},"end":{"line":4,"column":37}},"6":{"start":{"line":5,"column":2},"end":{"line":5,"column":9}},"7":{"start":{"line":13,"column":2},"end":{"line":13,"column":37}},"8":{"start":{"line":13,"column":30},"end":{"line":13,"column":37}},"9":{"start":{"line":14,"column":17},"end":{"line":14,"column":null}},"10":{"start":{"line":15,"column":2},"end":{"line":15,"column":24}},"11":{"start":{"line":15,"column":17},"end":{"line":15,"column":24}},"12":{"start":{"line":16,"column":16},"end":{"line":16,"column":null}},"13":{"start":{"line":17,"column":22},"end":{"line":17,"column":null}},"14":{"start":{"line":18,"column":23},"end":{"line":18,"column":null}},"15":{"start":{"line":19,"column":2},"end":{"line":31,"column":null}},"16":{"start":{"line":19,"column":14},"end":{"line":19,"column":16}},"17":{"start":{"line":20,"column":14},"end":{"line":20,"column":18}},"18":{"start":{"line":21,"column":4},"end":{"line":30,"column":null}},"19":{"start":{"line":22,"column":6},"end":{"line":22,"column":11}},"20":{"start":{"line":23,"column":11},"end":{"line":30,"column":null}},"21":{"start":{"line":24,"column":18},"end":{"line":24,"column":24}},"22":{"start":{"line":25,"column":6},"end":{"line":29,"column":null}},"23":{"start":{"line":26,"column":8},"end":{"line":26,"column":13}},"24":{"start":{"line":28,"column":8},"end":{"line":28,"column":15}},"25":{"start":{"line":32,"column":2},"end":{"line":32,"column":9}}},"fnMap":{"0":{"name":"isMatch","decl":{"start":{"line":1,"column":9},"end":{"line":1,"column":17}},"loc":{"start":{"line":1,"column":41},"end":{"line":6,"column":null}}},"1":{"name":"MatchBrackey","decl":{"start":{"line":12,"column":16},"end":{"line":12,"column":29}},"loc":{"start":{"line":12,"column":39},"end":{"line":33,"column":null}}}},"branchMap":{"0":{"loc":{"start":{"line":2,"column":2},"end":{"line":2,"column":37}},"type":"if","locations":[{"start":{"line":2,"column":2},"end":{"line":2,"column":37}},{"start":{"line":2,"column":2},"end":{"line":2,"column":37}}]},"1":{"loc":{"start":{"line":2,"column":5},"end":{"line":2,"column":17}},"type":"binary-expr","locations":[{"start":{"line":2,"column":5},"end":{"line":2,"column":17}},{"start":{"line":2,"column":17},"end":{"line":2,"column":30}}]},"2":{"loc":{"start":{"line":3,"column":2},"end":{"line":3,"column":37}},"type":"if","locations":[{"start":{"line":3,"column":2},"end":{"line":3,"column":37}},{"start":{"line":3,"column":2},"end":{"line":3,"column":37}}]},"3":{"loc":{"start":{"line":3,"column":5},"end":{"line":3,"column":17}},"type":"binary-expr","locations":[{"start":{"line":3,"column":5},"end":{"line":3,"column":17}},{"start":{"line":3,"column":17},"end":{"line":3,"column":30}}]},"4":{"loc":{"start":{"line":4,"column":2},"end":{"line":4,"column":37}},"type":"if","locations":[{"start":{"line":4,"column":2},"end":{"line":4,"column":37}},{"start":{"line":4,"column":2},"end":{"line":4,"column":37}}]},"5":{"loc":{"start":{"line":4,"column":5},"end":{"line":4,"column":17}},"type":"binary-expr","locations":[{"start":{"line":4,"column":5},"end":{"line":4,"column":17}},{"start":{"line":4,"column":17},"end":{"line":4,"column":30}}]},"6":{"loc":{"start":{"line":13,"column":2},"end":{"line":13,"column":37}},"type":"if","locations":[{"start":{"line":13,"column":2},"end":{"line":13,"column":37}},{"start":{"line":13,"column":2},"end":{"line":13,"column":37}}]},"7":{"loc":{"start":{"line":15,"column":2},"end":{"line":15,"column":24}},"type":"if","locations":[{"start":{"line":15,"column":2},"end":{"line":15,"column":24}},{"start":{"line":15,"column":2},"end":{"line":15,"column":24}}]},"8":{"loc":{"start":{"line":21,"column":4},"end":{"line":30,"column":null}},"type":"if","locations":[{"start":{"line":21,"column":4},"end":{"line":30,"column":null}},{"start":{"line":21,"column":4},"end":{"line":30,"column":null}}]},"9":{"loc":{"start":{"line":23,"column":11},"end":{"line":30,"column":null}},"type":"if","locations":[{"start":{"line":23,"column":11},"end":{"line":30,"column":null}},{"start":{"line":23,"column":11},"end":{"line":30,"column":null}}]},"10":{"loc":{"start":{"line":25,"column":6},"end":{"line":29,"column":null}},"type":"if","locations":[{"start":{"line":25,"column":6},"end":{"line":29,"column":null}},{"start":{"line":25,"column":6},"end":{"line":29,"column":null}}]}},"s":{"0":8,"1":1,"2":7,"3":2,"4":5,"5":3,"6":2,"7":5,"8":1,"9":4,"10":4,"11":1,"12":3,"13":3,"14":3,"15":3,"16":3,"17":33,"18":33,"19":10,"20":23,"21":8,"22":8,"23":6,"24":2,"25":1},"f":{"0":8,"1":5},"b":{"0":[1,7],"1":[8,1],"2":[2,5],"3":[7,4],"4":[3,2],"5":[5,3],"6":[1,4],"7":[1,3],"8":[10,23],"9":[8,15],"10":[6,2]}}
,"/Users/huangminyi/Desktop/POPICORN/Charles/webpack/vue-typescript-template/src/utils/dataStructure/moveZero.ts": {"path":"/Users/huangminyi/Desktop/POPICORN/Charles/webpack/vue-typescript-template/src/utils/dataStructure/moveZero.ts","statementMap":{"0":{"start":{"line":11,"column":17},"end":{"line":11,"column":null}},"1":{"start":{"line":12,"column":2},"end":{"line":12,"column":null}},"2":{"start":{"line":12,"column":17},"end":{"line":12,"column":null}},"3":{"start":{"line":13,"column":19},"end":{"line":13,"column":null}},"4":{"start":{"line":14,"column":2},"end":{"line":21,"column":null}},"5":{"start":{"line":14,"column":14},"end":{"line":14,"column":16}},"6":{"start":{"line":15,"column":4},"end":{"line":20,"column":null}},"7":{"start":{"line":16,"column":6},"end":{"line":16,"column":9}},"8":{"start":{"line":17,"column":6},"end":{"line":17,"column":9}},"9":{"start":{"line":18,"column":6},"end":{"line":18,"column":null}},"10":{"start":{"line":19,"column":6},"end":{"line":19,"column":null}},"11":{"start":{"line":31,"column":17},"end":{"line":31,"column":null}},"12":{"start":{"line":32,"column":2},"end":{"line":32,"column":null}},"13":{"start":{"line":32,"column":17},"end":{"line":32,"column":null}},"14":{"start":{"line":33,"column":10},"end":{"line":33,"column":null}},"15":{"start":{"line":34,"column":2},"end":{"line":50,"column":null}},"16":{"start":{"line":35,"column":4},"end":{"line":49,"column":null}},"17":{"start":{"line":36,"column":6},"end":{"line":36,"column":null}},"18":{"start":{"line":37,"column":6},"end":{"line":46,"column":null}},"19":{"start":{"line":37,"column":16},"end":{"line":37,"column":20}},"20":{"start":{"line":38,"column":8},"end":{"line":44,"column":null}},"21":{"start":{"line":39,"column":12},"end":{"line":39,"column":15}},"22":{"start":{"line":40,"column":12},"end":{"line":40,"column":15}},"23":{"start":{"line":41,"column":12},"end":{"line":41,"column":null}},"24":{"start":{"line":42,"column":12},"end":{"line":42,"column":30}},"25":{"start":{"line":42,"column":29},"end":{"line":42,"column":30}},"26":{"start":{"line":43,"column":12},"end":{"line":43,"column":null}},"27":{"start":{"line":45,"column":8},"end":{"line":45,"column":26}},"28":{"start":{"line":45,"column":25},"end":{"line":45,"column":26}},"29":{"start":{"line":48,"column":6},"end":{"line":48,"column":null}}},"fnMap":{"0":{"name":"moveZero1","decl":{"start":{"line":10,"column":16},"end":{"line":10,"column":26}},"loc":{"start":{"line":10,"column":38},"end":{"line":22,"column":null}}},"1":{"name":"moveZero2","decl":{"start":{"line":30,"column":16},"end":{"line":30,"column":26}},"loc":{"start":{"line":30,"column":38},"end":{"line":51,"column":null}}}},"branchMap":{"0":{"loc":{"start":{"line":12,"column":2},"end":{"line":12,"column":null}},"type":"if","locations":[{"start":{"line":12,"column":2},"end":{"line":12,"column":null}},{"start":{"line":12,"column":2},"end":{"line":12,"column":null}}]},"1":{"loc":{"start":{"line":15,"column":4},"end":{"line":20,"column":null}},"type":"if","locations":[{"start":{"line":15,"column":4},"end":{"line":20,"column":null}},{"start":{"line":15,"column":4},"end":{"line":20,"column":null}}]},"2":{"loc":{"start":{"line":32,"column":2},"end":{"line":32,"column":null}},"type":"if","locations":[{"start":{"line":32,"column":2},"end":{"line":32,"column":null}},{"start":{"line":32,"column":2},"end":{"line":32,"column":null}}]},"3":{"loc":{"start":{"line":35,"column":4},"end":{"line":49,"column":null}},"type":"if","locations":[{"start":{"line":35,"column":4},"end":{"line":49,"column":null}},{"start":{"line":35,"column":4},"end":{"line":49,"column":null}}]},"4":{"loc":{"start":{"line":35,"column":7},"end":{"line":35,"column":21}},"type":"binary-expr","locations":[{"start":{"line":35,"column":7},"end":{"line":35,"column":21}},{"start":{"line":35,"column":21},"end":{"line":35,"column":33}}]},"5":{"loc":{"start":{"line":38,"column":8},"end":{"line":44,"column":null}},"type":"if","locations":[{"start":{"line":38,"column":8},"end":{"line":44,"column":null}},{"start":{"line":38,"column":8},"end":{"line":44,"column":null}}]},"6":{"loc":{"start":{"line":42,"column":12},"end":{"line":42,"column":30}},"type":"if","locations":[{"start":{"line":42,"column":12},"end":{"line":42,"column":30}},{"start":{"line":42,"column":12},"end":{"line":42,"column":30}}]},"7":{"loc":{"start":{"line":45,"column":8},"end":{"line":45,"column":26}},"type":"if","locations":[{"start":{"line":45,"column":8},"end":{"line":45,"column":26}},{"start":{"line":45,"column":8},"end":{"line":45,"column":26}}]}},"s":{"0":0,"1":0,"2":0,"3":0,"4":0,"5":0,"6":0,"7":0,"8":0,"9":0,"10":0,"11":3,"12":3,"13":0,"14":3,"15":3,"16":11,"17":5,"18":5,"19":5,"20":14,"21":4,"22":4,"23":4,"24":4,"25":1,"26":4,"27":10,"28":1,"29":6},"f":{"0":0,"1":3},"b":{"0":[0,0],"1":[0,0],"2":[0,3],"3":[5,6],"4":[11,5],"5":[4,10],"6":[1,3],"7":[1,9]}}
,"/Users/huangminyi/Desktop/POPICORN/Charles/webpack/vue-typescript-template/src/utils/dataStructure/queue-with-list.ts": {"path":"/Users/huangminyi/Desktop/POPICORN/Charles/webpack/vue-typescript-template/src/utils/dataStructure/queue-with-list.ts","statementMap":{"0":{"start":{"line":10,"column":10},"end":{"line":10,"column":16}},"1":{"start":{"line":11,"column":10},"end":{"line":11,"column":35}},"2":{"start":{"line":12,"column":10},"end":{"line":12,"column":35}},"3":{"start":{"line":17,"column":33},"end":{"line":17,"column":null}},"4":{"start":{"line":21,"column":4},"end":{"line":23,"column":null}},"5":{"start":{"line":22,"column":6},"end":{"line":22,"column":11}},"6":{"start":{"line":24,"column":4},"end":{"line":26,"column":null}},"7":{"start":{"line":25,"column":6},"end":{"line":25,"column":11}},"8":{"start":{"line":27,"column":4},"end":{"line":27,"column":9}},"9":{"start":{"line":28,"column":4},"end":{"line":28,"column":9}},"10":{"start":{"line":34,"column":21},"end":{"line":34,"column":null}},"11":{"start":{"line":35,"column":4},"end":{"line":35,"column":25}},"12":{"start":{"line":35,"column":18},"end":{"line":35,"column":25}},"13":{"start":{"line":36,"column":4},"end":{"line":36,"column":26}},"14":{"start":{"line":36,"column":19},"end":{"line":36,"column":26}},"15":{"start":{"line":38,"column":18},"end":{"line":38,"column":null}},"16":{"start":{"line":39,"column":4},"end":{"line":39,"column":9}},"17":{"start":{"line":40,"column":4},"end":{"line":40,"column":9}},"18":{"start":{"line":41,"column":4},"end":{"line":41,"column":11}},"19":{"start":{"line":47,"column":4},"end":{"line":47,"column":11}}},"fnMap":{"0":{"name":"(anonymous_0)","decl":{"start":{"line":9,"column":0},"end":{"line":9,"column":6}},"loc":{"start":{"line":9,"column":0},"end":{"line":49,"column":null}}},"1":{"name":"(anonymous_1)","decl":{"start":{"line":16,"column":2},"end":{"line":16,"column":5}},"loc":{"start":{"line":16,"column":14},"end":{"line":29,"column":null}}},"2":{"name":"(anonymous_2)","decl":{"start":{"line":33,"column":2},"end":{"line":33,"column":8}},"loc":{"start":{"line":33,"column":8},"end":{"line":42,"column":null}}},"3":{"name":"(anonymous_3)","decl":{"start":{"line":46,"column":12},"end":{"line":46,"column":null}},"loc":{"start":{"line":46,"column":12},"end":{"line":48,"column":null}}}},"branchMap":{"0":{"loc":{"start":{"line":21,"column":4},"end":{"line":23,"column":null}},"type":"if","locations":[{"start":{"line":21,"column":4},"end":{"line":23,"column":null}},{"start":{"line":21,"column":4},"end":{"line":23,"column":null}}]},"1":{"loc":{"start":{"line":24,"column":4},"end":{"line":26,"column":null}},"type":"if","locations":[{"start":{"line":24,"column":4},"end":{"line":26,"column":null}},{"start":{"line":24,"column":4},"end":{"line":26,"column":null}}]},"2":{"loc":{"start":{"line":35,"column":4},"end":{"line":35,"column":25}},"type":"if","locations":[{"start":{"line":35,"column":4},"end":{"line":35,"column":25}},{"start":{"line":35,"column":4},"end":{"line":35,"column":25}}]},"3":{"loc":{"start":{"line":36,"column":4},"end":{"line":36,"column":26}},"type":"if","locations":[{"start":{"line":36,"column":4},"end":{"line":36,"column":26}},{"start":{"line":36,"column":4},"end":{"line":36,"column":26}}]}},"s":{"0":2,"1":2,"2":2,"3":6,"4":6,"5":2,"6":6,"7":4,"8":6,"9":6,"10":4,"11":4,"12":1,"13":3,"14":0,"15":3,"16":3,"17":3,"18":3,"19":5},"f":{"0":2,"1":6,"2":4,"3":5},"b":{"0":[2,4],"1":[4,2],"2":[1,3],"3":[0,3]}}
,"/Users/huangminyi/Desktop/POPICORN/Charles/webpack/vue-typescript-template/src/utils/dataStructure/queue.ts": {"path":"/Users/huangminyi/Desktop/POPICORN/Charles/webpack/vue-typescript-template/src/utils/dataStructure/queue.ts","statementMap":{"0":{"start":{"line":5,"column":10},"end":{"line":5,"column":28}},"1":{"start":{"line":6,"column":10},"end":{"line":6,"column":28}},"2":{"start":{"line":13,"column":4},"end":{"line":13,"column":9}},"3":{"start":{"line":20,"column":18},"end":{"line":20,"column":null}},"4":{"start":{"line":21,"column":19},"end":{"line":21,"column":null}},"5":{"start":{"line":22,"column":19},"end":{"line":22,"column":null}},"6":{"start":{"line":23,"column":4},"end":{"line":28,"column":null}},"7":{"start":{"line":24,"column":16},"end":{"line":24,"column":22}},"8":{"start":{"line":25,"column":6},"end":{"line":27,"column":null}},"9":{"start":{"line":26,"column":8},"end":{"line":26,"column":14}},"10":{"start":{"line":29,"column":4},"end":{"line":29,"column":7}},"11":{"start":{"line":30,"column":4},"end":{"line":35,"column":null}},"12":{"start":{"line":31,"column":16},"end":{"line":31,"column":22}},"13":{"start":{"line":32,"column":6},"end":{"line":34,"column":null}},"14":{"start":{"line":33,"column":8},"end":{"line":33,"column":14}},"15":{"start":{"line":36,"column":4},"end":{"line":36,"column":11}},"16":{"start":{"line":39,"column":4},"end":{"line":39,"column":11}}},"fnMap":{"0":{"name":"(anonymous_0)","decl":{"start":{"line":4,"column":0},"end":{"line":4,"column":6}},"loc":{"start":{"line":4,"column":0},"end":{"line":41,"column":null}}},"1":{"name":"(anonymous_1)","decl":{"start":{"line":12,"column":2},"end":{"line":12,"column":5}},"loc":{"start":{"line":12,"column":14},"end":{"line":14,"column":null}}},"2":{"name":"(anonymous_2)","decl":{"start":{"line":19,"column":2},"end":{"line":19,"column":8}},"loc":{"start":{"line":19,"column":8},"end":{"line":37,"column":null}}},"3":{"name":"(anonymous_3)","decl":{"start":{"line":38,"column":12},"end":{"line":38,"column":null}},"loc":{"start":{"line":38,"column":12},"end":{"line":40,"column":null}}}},"branchMap":{"0":{"loc":{"start":{"line":25,"column":6},"end":{"line":27,"column":null}},"type":"if","locations":[{"start":{"line":25,"column":6},"end":{"line":27,"column":null}},{"start":{"line":25,"column":6},"end":{"line":27,"column":null}}]},"1":{"loc":{"start":{"line":32,"column":6},"end":{"line":34,"column":null}},"type":"if","locations":[{"start":{"line":32,"column":6},"end":{"line":34,"column":null}},{"start":{"line":32,"column":6},"end":{"line":34,"column":null}}]},"2":{"loc":{"start":{"line":36,"column":11},"end":{"line":36,"column":14}},"type":"binary-expr","locations":[{"start":{"line":36,"column":11},"end":{"line":36,"column":14}},{"start":{"line":36,"column":18},"end":{"line":36,"column":null}}]}},"s":{"0":2,"1":2,"2":6,"3":4,"4":4,"5":4,"6":4,"7":6,"8":6,"9":6,"10":4,"11":4,"12":3,"13":3,"14":3,"15":4,"16":5},"f":{"0":2,"1":6,"2":4,"3":5},"b":{"0":[6,0],"1":[3,0],"2":[4,1]}}
,"/Users/huangminyi/Desktop/POPICORN/Charles/webpack/vue-typescript-template/src/utils/dataStructure/reverse-linkList.ts": {"path":"/Users/huangminyi/Desktop/POPICORN/Charles/webpack/vue-typescript-template/src/utils/dataStructure/reverse-linkList.ts","statementMap":{"0":{"start":{"line":11,"column":38},"end":{"line":11,"column":null}},"1":{"start":{"line":12,"column":37},"end":{"line":12,"column":null}},"2":{"start":{"line":13,"column":38},"end":{"line":13,"column":null}},"3":{"start":{"line":15,"column":2},"end":{"line":27,"column":null}},"4":{"start":{"line":16,"column":4},"end":{"line":19,"column":null}},"5":{"start":{"line":18,"column":6},"end":{"line":18,"column":13}},"6":{"start":{"line":20,"column":4},"end":{"line":22,"column":null}},"7":{"start":{"line":21,"column":6},"end":{"line":21,"column":13}},"8":{"start":{"line":24,"column":4},"end":{"line":24,"column":12}},"9":{"start":{"line":25,"column":4},"end":{"line":25,"column":11}},"10":{"start":{"line":26,"column":4},"end":{"line":26,"column":12}},"11":{"start":{"line":29,"column":4},"end":{"line":29,"column":12}},"12":{"start":{"line":30,"column":2},"end":{"line":30,"column":9}},"13":{"start":{"line":38,"column":17},"end":{"line":38,"column":null}},"14":{"start":{"line":39,"column":2},"end":{"line":39,"column":23}},"15":{"start":{"line":39,"column":17},"end":{"line":39,"column":23}},"16":{"start":{"line":41,"column":30},"end":{"line":41,"column":null}},"17":{"start":{"line":44,"column":2},"end":{"line":44,"column":24}},"18":{"start":{"line":44,"column":17},"end":{"line":44,"column":24}},"19":{"start":{"line":45,"column":2},"end":{"line":50,"column":null}},"20":{"start":{"line":45,"column":12},"end":{"line":45,"column":21}},"21":{"start":{"line":46,"column":4},"end":{"line":46,"column":11}},"22":{"start":{"line":51,"column":2},"end":{"line":51,"column":9}}},"fnMap":{"0":{"name":"reverseLinkList","decl":{"start":{"line":9,"column":16},"end":{"line":9,"column":32}},"loc":{"start":{"line":9,"column":53},"end":{"line":31,"column":null}}},"1":{"name":"createLinkList","decl":{"start":{"line":37,"column":16},"end":{"line":37,"column":31}},"loc":{"start":{"line":37,"column":43},"end":{"line":52,"column":null}}}},"branchMap":{"0":{"loc":{"start":{"line":16,"column":4},"end":{"line":19,"column":null}},"type":"if","locations":[{"start":{"line":16,"column":4},"end":{"line":19,"column":null}},{"start":{"line":16,"column":4},"end":{"line":19,"column":null}}]},"1":{"loc":{"start":{"line":16,"column":7},"end":{"line":16,"column":14}},"type":"binary-expr","locations":[{"start":{"line":16,"column":7},"end":{"line":16,"column":14}},{"start":{"line":16,"column":18},"end":{"line":16,"column":29}}]},"2":{"loc":{"start":{"line":20,"column":4},"end":{"line":22,"column":null}},"type":"if","locations":[{"start":{"line":20,"column":4},"end":{"line":22,"column":null}},{"start":{"line":20,"column":4},"end":{"line":22,"column":null}}]},"3":{"loc":{"start":{"line":20,"column":7},"end":{"line":20,"column":14}},"type":"binary-expr","locations":[{"start":{"line":20,"column":7},"end":{"line":20,"column":14}},{"start":{"line":20,"column":18},"end":{"line":20,"column":28}}]},"4":{"loc":{"start":{"line":39,"column":2},"end":{"line":39,"column":23}},"type":"if","locations":[{"start":{"line":39,"column":2},"end":{"line":39,"column":23}},{"start":{"line":39,"column":2},"end":{"line":39,"column":23}}]},"5":{"loc":{"start":{"line":44,"column":2},"end":{"line":44,"column":24}},"type":"if","locations":[{"start":{"line":44,"column":2},"end":{"line":44,"column":24}},{"start":{"line":44,"column":2},"end":{"line":44,"column":24}}]}},"s":{"0":2,"1":2,"2":2,"3":2,"4":4,"5":1,"6":4,"7":1,"8":4,"9":4,"10":4,"11":2,"12":2,"13":2,"14":2,"15":0,"16":2,"17":2,"18":0,"19":2,"20":2,"21":4,"22":2},"f":{"0":2,"1":2},"b":{"0":[1,3],"1":[4,2],"2":[1,3],"3":[4,2],"4":[0,2],"5":[0,2]}}
,"/Users/huangminyi/Desktop/POPICORN/Charles/webpack/vue-typescript-template/src/utils/dataStructure/two-number-sum.ts": {"path":"/Users/huangminyi/Desktop/POPICORN/Charles/webpack/vue-typescript-template/src/utils/dataStructure/two-number-sum.ts","statementMap":{"0":{"start":{"line":11,"column":24},"end":{"line":11,"column":null}},"1":{"start":{"line":12,"column":17},"end":{"line":12,"column":null}},"2":{"start":{"line":13,"column":2},"end":{"line":13,"column":24}},"3":{"start":{"line":13,"column":17},"end":{"line":13,"column":24}},"4":{"start":{"line":14,"column":2},"end":{"line":26,"column":null}},"5":{"start":{"line":14,"column":12},"end":{"line":14,"column":14}},"6":{"start":{"line":15,"column":15},"end":{"line":15,"column":19}},"7":{"start":{"line":16,"column":15},"end":{"line":16,"column":null}},"8":{"start":{"line":17,"column":4},"end":{"line":24,"column":null}},"9":{"start":{"line":17,"column":14},"end":{"line":17,"column":18}},"10":{"start":{"line":18,"column":17},"end":{"line":18,"column":21}},"11":{"start":{"line":19,"column":6},"end":{"line":23,"column":null}},"12":{"start":{"line":20,"column":8},"end":{"line":20,"column":11}},"13":{"start":{"line":21,"column":8},"end":{"line":21,"column":11}},"14":{"start":{"line":22,"column":8},"end":{"line":22,"column":12}},"15":{"start":{"line":25,"column":4},"end":{"line":25,"column":null}},"16":{"start":{"line":25,"column":13},"end":{"line":25,"column":null}},"17":{"start":{"line":27,"column":2},"end":{"line":27,"column":9}},"18":{"start":{"line":35,"column":23},"end":{"line":35,"column":null}},"19":{"start":{"line":36,"column":17},"end":{"line":36,"column":null}},"20":{"start":{"line":37,"column":2},"end":{"line":37,"column":24}},"21":{"start":{"line":37,"column":17},"end":{"line":37,"column":24}},"22":{"start":{"line":38,"column":10},"end":{"line":38,"column":null}},"23":{"start":{"line":39,"column":10},"end":{"line":39,"column":null}},"24":{"start":{"line":40,"column":2},"end":{"line":53,"column":null}},"25":{"start":{"line":41,"column":15},"end":{"line":41,"column":19}},"26":{"start":{"line":42,"column":15},"end":{"line":42,"column":19}},"27":{"start":{"line":43,"column":16},"end":{"line":43,"column":null}},"28":{"start":{"line":44,"column":4},"end":{"line":52,"column":null}},"29":{"start":{"line":45,"column":6},"end":{"line":45,"column":null}},"30":{"start":{"line":46,"column":11},"end":{"line":52,"column":null}},"31":{"start":{"line":47,"column":6},"end":{"line":47,"column":null}},"32":{"start":{"line":49,"column":6},"end":{"line":49,"column":9}},"33":{"start":{"line":50,"column":6},"end":{"line":50,"column":9}},"34":{"start":{"line":51,"column":6},"end":{"line":51,"column":null}},"35":{"start":{"line":54,"column":2},"end":{"line":54,"column":9}}},"fnMap":{"0":{"name":"findTwoNumbers1","decl":{"start":{"line":10,"column":16},"end":{"line":10,"column":32}},"loc":{"start":{"line":10,"column":53},"end":{"line":28,"column":null}}},"1":{"name":"findTwoNumbers2","decl":{"start":{"line":34,"column":16},"end":{"line":34,"column":32}},"loc":{"start":{"line":34,"column":53},"end":{"line":55,"column":null}}}},"branchMap":{"0":{"loc":{"start":{"line":13,"column":2},"end":{"line":13,"column":24}},"type":"if","locations":[{"start":{"line":13,"column":2},"end":{"line":13,"column":24}},{"start":{"line":13,"column":2},"end":{"line":13,"column":24}}]},"1":{"loc":{"start":{"line":19,"column":6},"end":{"line":23,"column":null}},"type":"if","locations":[{"start":{"line":19,"column":6},"end":{"line":23,"column":null}},{"start":{"line":19,"column":6},"end":{"line":23,"column":null}}]},"2":{"loc":{"start":{"line":25,"column":4},"end":{"line":25,"column":null}},"type":"if","locations":[{"start":{"line":25,"column":4},"end":{"line":25,"column":null}},{"start":{"line":25,"column":4},"end":{"line":25,"column":null}}]},"3":{"loc":{"start":{"line":37,"column":2},"end":{"line":37,"column":24}},"type":"if","locations":[{"start":{"line":37,"column":2},"end":{"line":37,"column":24}},{"start":{"line":37,"column":2},"end":{"line":37,"column":24}}]},"4":{"loc":{"start":{"line":44,"column":4},"end":{"line":52,"column":null}},"type":"if","locations":[{"start":{"line":44,"column":4},"end":{"line":52,"column":null}},{"start":{"line":44,"column":4},"end":{"line":52,"column":null}}]},"5":{"loc":{"start":{"line":46,"column":11},"end":{"line":52,"column":null}},"type":"if","locations":[{"start":{"line":46,"column":11},"end":{"line":52,"column":null}},{"start":{"line":46,"column":11},"end":{"line":52,"column":null}}]}},"s":{"0":0,"1":0,"2":0,"3":0,"4":0,"5":0,"6":0,"7":0,"8":0,"9":0,"10":0,"11":0,"12":0,"13":0,"14":0,"15":0,"16":0,"17":0,"18":3,"19":3,"20":3,"21":1,"22":2,"23":2,"24":2,"25":9,"26":9,"27":9,"28":9,"29":1,"30":8,"31":7,"32":1,"33":1,"34":1,"35":2},"f":{"0":0,"1":3},"b":{"0":[0,0],"1":[0,0],"2":[0,0],"3":[1,2],"4":[1,8],"5":[7,1]}}
}
