TN:
SF:/Users/huangminyi/Desktop/POPICORN/Charles/webpack/vue-typescript-template/src/utils/dataStructure/binary-search-tree.ts
FN:13,preOrderTranverse
FN:24,inOrderTranverse
FN:35,postOrderTranverse
FN:47,getKthValue
FNF:4
FNH:2
FNDA:0,preOrderTranverse
FNDA:60,inOrderTranverse
FNDA:0,postOrderTranverse
FNDA:4,getKthValue
DA:7,1
DA:14,0
DA:15,0
DA:16,0
DA:17,0
DA:25,60
DA:26,28
DA:27,28
DA:28,28
DA:36,0
DA:37,0
DA:38,0
DA:39,0
DA:48,4
DA:49,4
DA:52,1
DA:89,1
LF:17
LH:9
BRDA:14,0,0,0
BRDA:14,0,1,0
BRDA:25,1,0,32
BRDA:25,1,1,28
BRDA:36,2,0,0
BRDA:36,2,1,0
BRDA:49,3,0,4
BRDA:49,3,1,2
BRF:8
BRH:4
end_of_record
TN:
SF:/Users/huangminyi/Desktop/POPICORN/Charles/webpack/vue-typescript-template/src/utils/dataStructure/binary-search.ts
FN:10,binarySearch1
FN:38,binarySearch2
FNF:2
FNH:1
FNDA:3,binarySearch1
FNDA:0,binarySearch2
DA:11,3
DA:12,3
DA:13,2
DA:14,2
DA:15,2
DA:16,4
DA:17,4
DA:18,4
DA:20,2
DA:21,2
DA:23,1
DA:25,1
DA:28,1
DA:39,0
DA:40,0
DA:41,0
DA:42,0
DA:43,0
DA:44,0
DA:45,0
DA:46,0
DA:47,0
DA:48,0
DA:49,0
DA:51,0
DA:53,0
LF:26
LH:13
BRDA:12,0,0,1
BRDA:12,0,1,2
BRDA:18,1,0,2
BRDA:18,1,1,2
BRDA:21,2,0,1
BRDA:21,2,1,1
BRDA:40,3,0,0
BRDA:40,3,1,0
BRDA:41,4,0,0
BRDA:41,4,1,0
BRDA:42,5,0,0
BRDA:42,5,1,0
BRDA:43,6,0,0
BRDA:43,6,1,0
BRDA:46,7,0,0
BRDA:46,7,1,0
BRDA:48,8,0,0
BRDA:48,8,1,0
BRF:18
BRH:6
end_of_record
TN:
SF:/Users/huangminyi/Desktop/POPICORN/Charles/webpack/vue-typescript-template/src/utils/dataStructure/isMatch.ts
FN:1,isMatch
FN:12,MatchBrackey
FNF:2
FNH:2
FNDA:8,isMatch
FNDA:5,MatchBrackey
DA:2,8
DA:3,7
DA:4,5
DA:5,2
DA:13,5
DA:14,4
DA:15,4
DA:16,3
DA:17,3
DA:18,3
DA:19,3
DA:20,33
DA:21,33
DA:22,10
DA:23,23
DA:24,8
DA:25,8
DA:26,6
DA:28,2
DA:32,1
LF:20
LH:20
BRDA:2,0,0,1
BRDA:2,0,1,7
BRDA:2,1,0,8
BRDA:2,1,1,1
BRDA:3,2,0,2
BRDA:3,2,1,5
BRDA:3,3,0,7
BRDA:3,3,1,4
BRDA:4,4,0,3
BRDA:4,4,1,2
BRDA:4,5,0,5
BRDA:4,5,1,3
BRDA:13,6,0,1
BRDA:13,6,1,4
BRDA:15,7,0,1
BRDA:15,7,1,3
BRDA:21,8,0,10
BRDA:21,8,1,23
BRDA:23,9,0,8
BRDA:23,9,1,15
BRDA:25,10,0,6
BRDA:25,10,1,2
BRF:22
BRH:22
end_of_record
TN:
SF:/Users/huangminyi/Desktop/POPICORN/Charles/webpack/vue-typescript-template/src/utils/dataStructure/moveZero.ts
FN:10,moveZero1
FN:30,moveZero2
FNF:2
FNH:1
FNDA:0,moveZero1
FNDA:3,moveZero2
DA:11,0
DA:12,0
DA:13,0
DA:14,0
DA:15,0
DA:16,0
DA:17,0
DA:18,0
DA:19,0
DA:31,3
DA:32,3
DA:33,3
DA:34,3
DA:35,11
DA:36,5
DA:37,5
DA:38,14
DA:39,4
DA:40,4
DA:41,4
DA:42,4
DA:43,4
DA:45,10
DA:48,6
LF:24
LH:15
BRDA:12,0,0,0
BRDA:12,0,1,0
BRDA:15,1,0,0
BRDA:15,1,1,0
BRDA:32,2,0,0
BRDA:32,2,1,3
BRDA:35,3,0,5
BRDA:35,3,1,6
BRDA:35,4,0,11
BRDA:35,4,1,5
BRDA:38,5,0,4
BRDA:38,5,1,10
BRDA:42,6,0,1
BRDA:42,6,1,3
BRDA:45,7,0,1
BRDA:45,7,1,9
BRF:16
BRH:11
end_of_record
TN:
SF:/Users/huangminyi/Desktop/POPICORN/Charles/webpack/vue-typescript-template/src/utils/dataStructure/queue-with-list.ts
FN:9,(anonymous_0)
FN:16,(anonymous_1)
FN:33,(anonymous_2)
FN:46,(anonymous_3)
FNF:4
FNH:4
FNDA:2,(anonymous_0)
FNDA:6,(anonymous_1)
FNDA:4,(anonymous_2)
FNDA:5,(anonymous_3)
DA:10,2
DA:11,2
DA:12,2
DA:17,6
DA:21,6
DA:22,2
DA:24,6
DA:25,4
DA:27,6
DA:28,6
DA:34,4
DA:35,4
DA:36,3
DA:38,3
DA:39,3
DA:40,3
DA:41,3
DA:47,5
LF:18
LH:18
BRDA:21,0,0,2
BRDA:21,0,1,4
BRDA:24,1,0,4
BRDA:24,1,1,2
BRDA:35,2,0,1
BRDA:35,2,1,3
BRDA:36,3,0,0
BRDA:36,3,1,3
BRF:8
BRH:7
end_of_record
TN:
SF:/Users/huangminyi/Desktop/POPICORN/Charles/webpack/vue-typescript-template/src/utils/dataStructure/queue.ts
FN:4,(anonymous_0)
FN:12,(anonymous_1)
FN:19,(anonymous_2)
FN:38,(anonymous_3)
FNF:4
FNH:4
FNDA:2,(anonymous_0)
FNDA:6,(anonymous_1)
FNDA:4,(anonymous_2)
FNDA:5,(anonymous_3)
DA:5,2
DA:6,2
DA:13,6
DA:20,4
DA:21,4
DA:22,4
DA:23,4
DA:24,6
DA:25,6
DA:26,6
DA:29,4
DA:30,4
DA:31,3
DA:32,3
DA:33,3
DA:36,4
DA:39,5
LF:17
LH:17
BRDA:25,0,0,6
BRDA:25,0,1,0
BRDA:32,1,0,3
BRDA:32,1,1,0
BRDA:36,2,0,4
BRDA:36,2,1,1
BRF:6
BRH:4
end_of_record
TN:
SF:/Users/huangminyi/Desktop/POPICORN/Charles/webpack/vue-typescript-template/src/utils/dataStructure/reverse-linkList.ts
FN:9,reverseLinkList
FN:37,createLinkList
FNF:2
FNH:2
FNDA:2,reverseLinkList
FNDA:2,createLinkList
DA:11,2
DA:12,2
DA:13,2
DA:15,2
DA:16,4
DA:18,1
DA:20,4
DA:21,1
DA:24,4
DA:25,4
DA:26,4
DA:29,2
DA:30,2
DA:38,2
DA:39,2
DA:41,2
DA:44,2
DA:45,2
DA:46,4
DA:51,2
LF:20
LH:20
BRDA:16,0,0,1
BRDA:16,0,1,3
BRDA:16,1,0,4
BRDA:16,1,1,2
BRDA:20,2,0,1
BRDA:20,2,1,3
BRDA:20,3,0,4
BRDA:20,3,1,2
BRDA:39,4,0,0
BRDA:39,4,1,2
BRDA:44,5,0,0
BRDA:44,5,1,2
BRF:12
BRH:10
end_of_record
TN:
SF:/Users/huangminyi/Desktop/POPICORN/Charles/webpack/vue-typescript-template/src/utils/dataStructure/two-number-sum.ts
FN:10,findTwoNumbers1
FN:34,findTwoNumbers2
FNF:2
FNH:1
FNDA:0,findTwoNumbers1
FNDA:3,findTwoNumbers2
DA:11,0
DA:12,0
DA:13,0
DA:14,0
DA:15,0
DA:16,0
DA:17,0
DA:18,0
DA:19,0
DA:20,0
DA:21,0
DA:22,0
DA:25,0
DA:27,0
DA:35,3
DA:36,3
DA:37,3
DA:38,2
DA:39,2
DA:40,2
DA:41,9
DA:42,9
DA:43,9
DA:44,9
DA:45,1
DA:46,8
DA:47,7
DA:49,1
DA:50,1
DA:51,1
DA:54,2
LF:31
LH:17
BRDA:13,0,0,0
BRDA:13,0,1,0
BRDA:19,1,0,0
BRDA:19,1,1,0
BRDA:25,2,0,0
BRDA:25,2,1,0
BRDA:37,3,0,1
BRDA:37,3,1,2
BRDA:44,4,0,1
BRDA:44,4,1,8
BRDA:46,5,0,7
BRDA:46,5,1,1
BRF:12
BRH:6
end_of_record
